<?xml version="1.0" encoding="UTF-8"?>
<!-- Generated by org.testng.reporters.JUnitXMLReporter -->
<testsuite ignored="0" hostname="BINTERNS-QA10L" failures="3" tests="3" name="Test12" time="10.125" errors="0" timestamp="2023-03-09T15:14:22 IST">
  <testcase classname="data_provider.case_1" name="testLogin" time="2.668">
    <failure type="java.lang.AssertionError" message="expected [nopCommerce demo store. Login] but found [nopCommerce demo store]">
      <![CDATA[java.lang.AssertionError: expected [nopCommerce demo store. Login] but found [nopCommerce demo store]
at data_provider.case_1.testLogin(case_1.java:36)
at java.base/java.util.ArrayList.forEach(ArrayList.java:1511)
... Removed 33 stack frames]]>
    </failure>
  </testcase> <!-- testLogin -->
  <testcase classname="data_provider.case_1" name="testLogin" time="0.942">
    <failure type="java.lang.AssertionError" message="expected [nopCommerce demo store. Login] but found [nopCommerce demo store]">
      <![CDATA[java.lang.AssertionError: expected [nopCommerce demo store. Login] but found [nopCommerce demo store]
at data_provider.case_1.testLogin(case_1.java:36)
at java.base/java.util.ArrayList.forEach(ArrayList.java:1511)
... Removed 33 stack frames]]>
    </failure>
  </testcase> <!-- testLogin -->
  <testcase classname="data_provider.case_1" name="testLogin" time="0.918">
    <failure type="java.lang.AssertionError" message="expected [nopCommerce demo store. Login] but found [nopCommerce demo store]">
      <![CDATA[java.lang.AssertionError: expected [nopCommerce demo store. Login] but found [nopCommerce demo store]
at data_provider.case_1.testLogin(case_1.java:36)
at java.base/java.util.ArrayList.forEach(ArrayList.java:1511)
... Removed 33 stack frames]]>
    </failure>
  </testcase> <!-- testLogin -->
</testsuite> <!-- Test12 -->
