<?xml version="1.0" encoding="UTF-8"?>
<!-- Generated by org.testng.reporters.JUnitXMLReporter -->
<testsuite ignored="0" hostname="BINTERNS-QA10L" failures="0" tests="4" name="Test123" time="0.046" errors="0" timestamp="2023-03-09T15:08:03 IST">
  <testcase classname="grouping_case1.case_1" name="loginByEmail" time="0.007"/>
  <testcase classname="grouping_case1.case_1" name="loginByfacebook" time="0.001"/>
  <testcase classname="grouping_case1.case_1" name="loginBytwitter" time="0.0"/>
  <testcase classname="grouping_case1.case_1" name="loginByinstagram" time="0.001"/>
</testsuite> <!-- Test123 -->
