<?xml version="1.0" encoding="UTF-8"?>
<!-- Generated by org.testng.reporters.JUnitXMLReporter -->
<testsuite ignored="3" hostname="BINTERNS-QA10L" failures="0" tests="1" name="Test" time="0.076" errors="0" timestamp="2023-03-06T15:28:22 IST">
  <testcase classname="grouping_case1.case_1" name="loginByinstagram" time="0.011"/>
  <testcase classname="grouping_case1.case_1" name="loginBytwitter" time="0.0">
    <ignored/>
  </testcase> <!-- loginBytwitter -->
  <testcase classname="grouping_case1.case_1" name="loginByEmail" time="0.0">
    <ignored/>
  </testcase> <!-- loginByEmail -->
  <testcase classname="grouping_case1.case_1" name="loginByfacebook" time="0.0">
    <ignored/>
  </testcase> <!-- loginByfacebook -->
</testsuite> <!-- Test -->
